TN:
SF:src/modules/TAs/services/LoadTADetailsService.ts
FN:15,(anonymous_17)
FN:16,LoadTADetailsService
FN:21,(anonymous_19)
FNF:3
FNH:3
FNDA:1,(anonymous_17)
FNDA:1,LoadTADetailsService
FNDA:1,(anonymous_19)
DA:1,1
DA:4,1
DA:15,1
DA:18,1
DA:21,1
DA:22,1
DA:38,1
DA:40,1
LF:8
LH:8
BRDA:22,0,0,1
BRF:1
BRH:1
end_of_record
TN:
SF:src/modules/TAs/services/LoadTAsGroupService.ts
FN:31,(anonymous_20)
FN:32,LoadTAsGroupService
FN:37,(anonymous_22)
FN:59,(anonymous_25)
FN:61,(anonymous_26)
FN:76,(anonymous_27)
FN:78,(anonymous_28)
FN:84,(anonymous_29)
FN:87,(anonymous_30)
FNF:9
FNH:9
FNDA:1,(anonymous_20)
FNDA:1,LoadTAsGroupService
FNDA:1,(anonymous_22)
FNDA:1,(anonymous_25)
FNDA:10,(anonymous_26)
FNDA:1,(anonymous_27)
FNDA:10,(anonymous_28)
FNDA:1,(anonymous_29)
FNDA:10,(anonymous_30)
DA:1,1
DA:4,1
DA:5,1
DA:6,1
DA:31,1
DA:34,1
DA:37,1
DA:38,1
DA:39,1
DA:52,1
DA:59,1
DA:60,1
DA:61,1
DA:62,10
DA:64,1
DA:70,1
DA:76,1
DA:78,10
DA:84,1
DA:89,10
DA:92,10
DA:96,1
DA:98,1
LF:23
LH:23
BRDA:66,0,0,0
BRDA:66,0,1,1
BRDA:66,1,0,1
BRDA:66,1,1,1
BRDA:81,2,0,1
BRDA:81,2,1,9
BRDA:84,3,0,1
BRDA:84,3,1,9
BRDA:90,4,0,1
BRDA:90,4,1,9
BRF:10
BRH:9
end_of_record
TN:
SF:src/modules/TAs/services/LoadTAsSummaryService.ts
FN:15,(anonymous_17)
FN:16,LoadTAsSummaryService
FN:21,(anonymous_19)
FNF:3
FNH:3
FNDA:1,(anonymous_17)
FNDA:1,LoadTAsSummaryService
FNDA:1,(anonymous_19)
DA:1,1
DA:4,1
DA:15,1
DA:18,1
DA:21,1
DA:22,1
DA:25,1
DA:27,1
LF:8
LH:8
BRDA:22,0,0,1
BRF:1
BRH:1
end_of_record
TN:
SF:src/modules/TPs/services/LoadTPDetailsService.ts
FN:15,(anonymous_17)
FN:16,LoadTPDetailsService
FN:21,(anonymous_19)
FNF:3
FNH:3
FNDA:1,(anonymous_17)
FNDA:1,LoadTPDetailsService
FNDA:1,(anonymous_19)
DA:1,1
DA:3,1
DA:15,1
DA:18,1
DA:21,1
DA:22,1
DA:47,1
DA:49,1
LF:8
LH:8
BRDA:22,0,0,1
BRF:1
BRH:1
end_of_record
TN:
SF:src/modules/TPs/services/LoadTPsGroupService.ts
FN:30,(anonymous_18)
FN:31,LoadTPsGroupService
FN:36,(anonymous_20)
FN:66,(anonymous_23)
FN:69,(anonymous_24)
FN:75,(anonymous_25)
FN:78,(anonymous_26)
FNF:7
FNH:7
FNDA:1,(anonymous_18)
FNDA:1,LoadTPsGroupService
FNDA:1,(anonymous_20)
FNDA:1,(anonymous_23)
FNDA:13,(anonymous_24)
FNDA:1,(anonymous_25)
FNDA:13,(anonymous_26)
DA:1,1
DA:4,1
DA:5,1
DA:30,1
DA:33,1
DA:36,1
DA:37,1
DA:53,1
DA:59,1
DA:65,1
DA:67,1
DA:69,13
DA:75,1
DA:80,13
DA:83,13
DA:89,1
DA:91,1
LF:17
LH:17
BRDA:72,0,0,1
BRDA:72,0,1,12
BRDA:75,1,0,1
BRDA:75,1,1,12
BRDA:81,2,0,1
BRDA:81,2,1,12
BRF:6
BRH:6
end_of_record
TN:
SF:src/modules/TPs/services/LoadTPsSummaryService.ts
FN:15,(anonymous_17)
FN:16,LoadTPsSummaryService
FN:21,(anonymous_19)
FNF:3
FNH:3
FNDA:1,(anonymous_17)
FNDA:1,LoadTPsSummaryService
FNDA:1,(anonymous_19)
DA:1,1
DA:4,1
DA:15,1
DA:18,1
DA:21,1
DA:22,1
DA:25,1
DA:27,1
LF:8
LH:8
BRDA:22,0,0,1
BRF:1
BRH:1
end_of_record
TN:
SF:src/modules/users/services/AuthenticateUserService.ts
FN:22,(anonymous_18)
FN:23,AuthenticateUserService
FN:31,(anonymous_20)
FNF:3
FNH:3
FNDA:1,(anonymous_18)
FNDA:3,AuthenticateUserService
FNDA:3,(anonymous_20)
DA:1,1
DA:3,1
DA:4,1
DA:6,1
DA:22,1
DA:25,3
DA:28,3
DA:31,3
DA:32,3
DA:34,3
DA:35,1
DA:38,2
DA:43,2
DA:44,1
DA:47,1
DA:49,1
DA:54,1
DA:59,1
DA:61,1
LF:19
LH:19
BRDA:32,0,0,3
BRDA:34,1,0,1
BRDA:34,1,1,2
BRDA:43,2,0,1
BRDA:43,2,1,1
BRF:5
BRH:5
end_of_record
TN:
SF:src/modules/users/services/CreateUserService.ts
FN:14,(anonymous_18)
FN:15,CreateUserService
FN:23,(anonymous_20)
FNF:3
FNH:3
FNDA:2,(anonymous_18)
FNDA:5,CreateUserService
FNDA:5,(anonymous_20)
DA:1,2
DA:2,2
DA:14,2
DA:17,5
DA:20,5
DA:23,5
DA:24,5
DA:25,5
DA:26,1
DA:29,4
DA:31,4
DA:37,4
DA:39,2
DA:41,2
LF:14
LH:14
BRDA:24,0,0,5
BRDA:25,1,0,1
BRDA:25,1,1,4
BRF:3
BRH:3
end_of_record
TN:
SF:src/modules/users/services/ResetPasswordService.ts
FN:14,(anonymous_18)
FN:15,SendForgotPasswordEmailService
FN:26,(anonymous_20)
FNF:3
FNH:3
FNDA:1,(anonymous_18)
FNDA:4,SendForgotPasswordEmailService
FNDA:4,(anonymous_20)
DA:1,1
DA:2,1
DA:5,1
DA:14,1
DA:17,4
DA:20,4
DA:23,4
DA:26,4
DA:27,4
DA:29,4
DA:30,1
DA:33,3
DA:35,3
DA:36,1
DA:39,2
DA:40,2
DA:41,1
DA:44,1
DA:46,2
DA:48,1
DA:50,1
LF:21
LH:21
BRDA:27,0,0,4
BRDA:29,1,0,1
BRDA:29,1,1,3
BRDA:35,2,0,1
BRDA:35,2,1,2
BRDA:40,3,0,1
BRDA:40,3,1,1
BRF:7
BRH:7
end_of_record
TN:
SF:src/modules/users/services/SendForgotPasswordEmailService.ts
FN:13,(anonymous_18)
FN:14,ResetPasswordService
FN:25,(anonymous_20)
FNF:3
FNH:3
FNDA:1,(anonymous_18)
FNDA:3,ResetPasswordService
FNDA:3,(anonymous_20)
DA:1,1
DA:2,1
DA:3,1
DA:13,1
DA:16,3
DA:19,3
DA:22,3
DA:25,3
DA:26,3
DA:27,3
DA:28,1
DA:31,2
DA:33,2
DA:40,4
DA:55,1
DA:57,1
LF:16
LH:16
BRDA:26,0,0,3
BRDA:27,1,0,1
BRDA:27,1,1,2
BRF:3
BRH:3
end_of_record
