TN:
SF:src/modules/TAs/services/LoadTADetailsService.ts
FN:15,(anonymous_17)
FN:16,LoadTADetailsService
FN:21,(anonymous_19)
FNF:3
FNH:3
FNDA:1,(anonymous_17)
FNDA:1,LoadTADetailsService
FNDA:1,(anonymous_19)
DA:1,1
DA:4,1
DA:15,1
DA:18,1
DA:21,1
DA:22,1
DA:38,1
DA:40,1
LF:8
LH:8
BRDA:22,0,0,1
BRF:1
BRH:1
end_of_record
TN:
SF:src/modules/TAs/services/LoadTAsGroupService.ts
FN:32,(anonymous_20)
FN:33,LoadTAsGroupService
FN:41,(anonymous_22)
FN:67,(anonymous_25)
FN:69,(anonymous_26)
FN:84,(anonymous_27)
FN:86,(anonymous_28)
FN:92,(anonymous_29)
FN:95,(anonymous_30)
FNF:9
FNH:9
FNDA:1,(anonymous_20)
FNDA:1,LoadTAsGroupService
FNDA:1,(anonymous_22)
FNDA:1,(anonymous_25)
FNDA:10,(anonymous_26)
FNDA:1,(anonymous_27)
FNDA:10,(anonymous_28)
FNDA:1,(anonymous_29)
FNDA:10,(anonymous_30)
DA:1,1
DA:4,1
DA:5,1
DA:6,1
DA:32,1
DA:35,1
DA:38,1
DA:41,1
DA:42,1
DA:43,1
DA:45,1
DA:46,1
DA:47,1
DA:60,1
DA:67,1
DA:68,1
DA:69,1
DA:70,10
DA:72,1
DA:78,1
DA:84,1
DA:86,10
DA:92,1
DA:97,10
DA:100,10
DA:104,1
DA:107,1
DA:109,1
LF:28
LH:28
BRDA:107,0,0,1
BRDA:45,1,0,0
BRDA:45,1,1,1
BRDA:74,2,0,0
BRDA:74,2,1,1
BRDA:74,3,0,1
BRDA:74,3,1,1
BRDA:89,4,0,1
BRDA:89,4,1,9
BRDA:92,5,0,1
BRDA:92,5,1,9
BRDA:98,6,0,1
BRDA:98,6,1,9
BRF:13
BRH:11
end_of_record
TN:
SF:src/modules/TAs/services/LoadTAsSummaryService.ts
FN:15,(anonymous_17)
FN:16,LoadTAsSummaryService
FN:21,(anonymous_19)
FNF:3
FNH:3
FNDA:1,(anonymous_17)
FNDA:1,LoadTAsSummaryService
FNDA:1,(anonymous_19)
DA:1,1
DA:4,1
DA:15,1
DA:18,1
DA:21,1
DA:22,1
DA:25,1
DA:27,1
LF:8
LH:8
BRDA:22,0,0,1
BRF:1
BRH:1
end_of_record
TN:
SF:src/modules/TPs/services/LoadTPDetailsService.ts
FN:15,(anonymous_17)
FN:16,LoadTPDetailsService
FN:21,(anonymous_19)
FNF:3
FNH:3
FNDA:1,(anonymous_17)
FNDA:1,LoadTPDetailsService
FNDA:1,(anonymous_19)
DA:1,1
DA:3,1
DA:15,1
DA:18,1
DA:21,1
DA:22,1
DA:47,1
DA:49,1
LF:8
LH:8
BRDA:22,0,0,1
BRF:1
BRH:1
end_of_record
TN:
SF:src/modules/TPs/services/LoadTPsGroupService.ts
FN:31,(anonymous_18)
FN:32,LoadTPsGroupService
FN:40,(anonymous_20)
FN:73,(anonymous_23)
FN:76,(anonymous_24)
FN:82,(anonymous_25)
FN:85,(anonymous_26)
FNF:7
FNH:7
FNDA:1,(anonymous_18)
FNDA:1,LoadTPsGroupService
FNDA:1,(anonymous_20)
FNDA:1,(anonymous_23)
FNDA:13,(anonymous_24)
FNDA:1,(anonymous_25)
FNDA:13,(anonymous_26)
DA:1,1
DA:4,1
DA:5,1
DA:31,1
DA:34,1
DA:37,1
DA:40,1
DA:41,1
DA:42,1
DA:44,1
DA:45,1
DA:61,1
DA:67,1
DA:73,1
DA:74,1
DA:76,13
DA:82,1
DA:87,13
DA:90,13
DA:95,1
DA:98,1
DA:100,1
LF:22
LH:22
BRDA:98,0,0,1
BRDA:44,1,0,0
BRDA:44,1,1,1
BRDA:79,2,0,1
BRDA:79,2,1,12
BRDA:82,3,0,1
BRDA:82,3,1,12
BRDA:88,4,0,1
BRDA:88,4,1,12
BRF:9
BRH:8
end_of_record
TN:
SF:src/modules/TPs/services/LoadTPsSummaryService.ts
FN:15,(anonymous_17)
FN:16,LoadTPsSummaryService
FN:21,(anonymous_19)
FNF:3
FNH:3
FNDA:1,(anonymous_17)
FNDA:1,LoadTPsSummaryService
FNDA:1,(anonymous_19)
DA:1,1
DA:4,1
DA:15,1
DA:18,1
DA:21,1
DA:22,1
DA:25,1
DA:27,1
LF:8
LH:8
BRDA:22,0,0,1
BRF:1
BRH:1
end_of_record
TN:
SF:src/modules/users/services/AuthenticateUserService.ts
FN:22,(anonymous_18)
FN:23,AuthenticateUserService
FN:31,(anonymous_20)
FNF:3
FNH:3
FNDA:1,(anonymous_18)
FNDA:3,AuthenticateUserService
FNDA:3,(anonymous_20)
DA:1,1
DA:3,1
DA:4,1
DA:6,1
DA:22,1
DA:25,3
DA:28,3
DA:31,3
DA:32,3
DA:34,3
DA:35,1
DA:38,2
DA:43,2
DA:44,1
DA:47,1
DA:49,1
DA:54,1
DA:59,1
DA:61,1
LF:19
LH:19
BRDA:32,0,0,3
BRDA:34,1,0,1
BRDA:34,1,1,2
BRDA:43,2,0,1
BRDA:43,2,1,1
BRF:5
BRH:5
end_of_record
TN:
SF:src/modules/users/services/CreateUserService.ts
FN:15,(anonymous_18)
FN:16,CreateUserService
FN:27,(anonymous_20)
FNF:3
FNH:3
FNDA:2,(anonymous_18)
FNDA:5,CreateUserService
FNDA:5,(anonymous_20)
DA:1,2
DA:2,2
DA:15,2
DA:18,5
DA:21,5
DA:24,5
DA:27,5
DA:28,5
DA:29,5
DA:30,1
DA:33,4
DA:35,4
DA:41,8
DA:46,4
DA:48,2
DA:50,2
LF:16
LH:16
BRDA:28,0,0,5
BRDA:29,1,0,1
BRDA:29,1,1,4
BRF:3
BRH:3
end_of_record
TN:
SF:src/modules/users/services/ResetPasswordService.ts
FN:14,(anonymous_18)
FN:15,SendForgotPasswordEmailService
FN:26,(anonymous_20)
FNF:3
FNH:3
FNDA:1,(anonymous_18)
FNDA:4,SendForgotPasswordEmailService
FNDA:4,(anonymous_20)
DA:1,1
DA:2,1
DA:5,1
DA:14,1
DA:17,4
DA:20,4
DA:23,4
DA:26,4
DA:27,4
DA:29,4
DA:30,1
DA:33,3
DA:35,3
DA:36,1
DA:39,2
DA:40,2
DA:41,1
DA:44,1
DA:46,2
DA:48,1
DA:50,1
LF:21
LH:21
BRDA:27,0,0,4
BRDA:29,1,0,1
BRDA:29,1,1,3
BRDA:35,2,0,1
BRDA:35,2,1,2
BRDA:40,3,0,1
BRDA:40,3,1,1
BRF:7
BRH:7
end_of_record
TN:
SF:src/modules/users/services/SendForgotPasswordEmailService.ts
FN:13,(anonymous_18)
FN:14,ResetPasswordService
FN:25,(anonymous_20)
FNF:3
FNH:3
FNDA:1,(anonymous_18)
FNDA:3,ResetPasswordService
FNDA:3,(anonymous_20)
DA:1,1
DA:2,1
DA:3,1
DA:13,1
DA:16,3
DA:19,3
DA:22,3
DA:25,3
DA:26,3
DA:27,3
DA:28,1
DA:31,2
DA:33,2
DA:40,4
DA:55,1
DA:57,1
LF:16
LH:16
BRDA:26,0,0,3
BRDA:27,1,0,1
BRDA:27,1,1,2
BRF:3
BRH:3
end_of_record
TN:
SF:src/modules/users/services/ShowProfileService.ts
FN:12,(anonymous_18)
FN:13,ShowProfileService
FN:21,(anonymous_20)
FNF:3
FNH:3
FNDA:1,(anonymous_18)
FNDA:2,ShowProfileService
FNDA:2,(anonymous_20)
DA:1,1
DA:3,1
DA:12,1
DA:15,2
DA:18,2
DA:21,2
DA:22,2
DA:23,2
DA:25,2
DA:26,2
DA:27,2
DA:28,1
DA:30,2
DA:33,1
DA:35,1
DA:37,1
LF:16
LH:16
BRDA:33,0,0,1
BRDA:25,1,0,0
BRDA:25,1,1,2
BRDA:27,2,0,1
BRDA:27,2,1,1
BRF:5
BRH:4
end_of_record
TN:
SF:src/modules/users/services/UpdateProfileSevice.ts
FN:17,(anonymous_18)
FN:18,UpdateProfileService
FN:29,(anonymous_20)
FNF:3
FNH:3
FNDA:1,(anonymous_18)
FNDA:6,UpdateProfileService
FNDA:6,(anonymous_20)
DA:1,1
DA:3,1
DA:17,1
DA:20,6
DA:23,6
DA:26,6
DA:29,1
DA:30,6
DA:31,6
DA:32,6
DA:33,6
DA:34,6
DA:36,6
DA:37,6
DA:38,1
DA:41,5
DA:43,5
DA:44,1
DA:47,4
DA:48,4
DA:50,4
DA:51,1
DA:54,4
DA:55,2
DA:60,2
DA:61,1
DA:64,1
DA:67,2
DA:68,2
DA:70,1
DA:72,1
LF:31
LH:31
BRDA:36,0,0,6
BRDA:37,1,0,1
BRDA:37,1,1,5
BRDA:43,2,0,1
BRDA:43,2,1,4
BRDA:43,3,0,5
BRDA:43,3,1,1
BRDA:50,4,0,1
BRDA:50,4,1,3
BRDA:50,5,0,4
BRDA:50,5,1,3
BRDA:54,6,0,1
BRDA:54,6,1,2
BRDA:54,7,0,3
BRDA:54,7,1,2
BRDA:60,8,0,1
BRDA:60,8,1,1
BRF:17
BRH:17
end_of_record
TN:
SF:src/modules/users/services/UpdateUserAvatarService.ts
FN:14,(anonymous_18)
FN:15,UpdateUserAvatarService
FN:23,(anonymous_20)
FNF:3
FNH:3
FNDA:1,(anonymous_18)
FNDA:3,UpdateUserAvatarService
FNDA:4,(anonymous_20)
DA:1,1
DA:3,1
DA:14,1
DA:17,3
DA:20,3
DA:23,4
DA:24,4
DA:26,4
DA:27,1
DA:30,5
DA:31,2
DA:34,3
DA:36,3
DA:37,6
DA:39,3
DA:41,1
DA:43,1
LF:17
LH:17
BRDA:24,0,0,4
BRDA:24,0,1,3
BRDA:26,1,0,1
BRDA:26,1,1,3
BRDA:30,2,0,2
BRDA:30,2,1,1
BRF:6
BRH:6
end_of_record
